[2021-06-12 03:14:37] local.ERROR: There are no commands defined in the "passport" namespace. {"exception":"[object] (Symfony\\Component\\Console\\Exception\\NamespaceNotFoundException(code: 0): There are no commands defined in the \"passport\" namespace. at C:\\Users\\pc\\blog\\BackEnd\\vendor\\symfony\\console\\Application.php:608)
[stacktrace]
#0 C:\\Users\\pc\\blog\\BackEnd\\vendor\\symfony\\console\\Application.php(659): Symfony\\Component\\Console\\Application->findNamespace()
#1 C:\\Users\\pc\\blog\\BackEnd\\vendor\\symfony\\console\\Application.php(255): Symfony\\Component\\Console\\Application->find()
#2 C:\\Users\\pc\\blog\\BackEnd\\vendor\\symfony\\console\\Application.php(167): Symfony\\Component\\Console\\Application->doRun()
#3 C:\\Users\\pc\\blog\\BackEnd\\vendor\\laravel\\framework\\src\\Illuminate\\Console\\Application.php(93): Symfony\\Component\\Console\\Application->run()
#4 C:\\Users\\pc\\blog\\BackEnd\\vendor\\laravel\\framework\\src\\Illuminate\\Foundation\\Console\\Kernel.php(129): Illuminate\\Console\\Application->run()
#5 C:\\Users\\pc\\blog\\BackEnd\\artisan(37): Illuminate\\Foundation\\Console\\Kernel->handle()
#6 {main}
"} 
[2021-06-12 03:17:16] local.ERROR: SQLSTATE[42S02]: Base table or view not found: 1146 Table 'blog.oauth_clients' doesn't exist (SQL: insert into `oauth_clients` (`user_id`, `name`, `secret`, `provider`, `redirect`, `personal_access_client`, `password_client`, `revoked`, `updated_at`, `created_at`) values (?, Laravel Personal Access Client, 9FHBE74Z63drFyRglBgKR8RVLhwdR4mY2G4A07qH, ?, http://localhost, 1, 0, 0, 2021-06-12 03:17:16, 2021-06-12 03:17:16)) {"exception":"[object] (Illuminate\\Database\\QueryException(code: 42S02): SQLSTATE[42S02]: Base table or view not found: 1146 Table 'blog.oauth_clients' doesn't exist (SQL: insert into `oauth_clients` (`user_id`, `name`, `secret`, `provider`, `redirect`, `personal_access_client`, `password_client`, `revoked`, `updated_at`, `created_at`) values (?, Laravel Personal Access Client, 9FHBE74Z63drFyRglBgKR8RVLhwdR4mY2G4A07qH, ?, http://localhost, 1, 0, 0, 2021-06-12 03:17:16, 2021-06-12 03:17:16)) at C:\\Users\\pc\\blog\\BackEnd\\vendor\\laravel\\framework\\src\\Illuminate\\Database\\Connection.php:671)
[stacktrace]
#0 C:\\Users\\pc\\blog\\BackEnd\\vendor\\laravel\\framework\\src\\Illuminate\\Database\\Connection.php(631): Illuminate\\Database\\Connection->runQueryCallback()
#1 C:\\Users\\pc\\blog\\BackEnd\\vendor\\laravel\\framework\\src\\Illuminate\\Database\\Connection.php(465): Illuminate\\Database\\Connection->run()
#2 C:\\Users\\pc\\blog\\BackEnd\\vendor\\laravel\\framework\\src\\Illuminate\\Database\\Connection.php(417): Illuminate\\Database\\Connection->statement()
#3 C:\\Users\\pc\\blog\\BackEnd\\vendor\\laravel\\framework\\src\\Illuminate\\Database\\Query\\Processors\\Processor.php(32): Illuminate\\Database\\Connection->insert()
#4 C:\\Users\\pc\\blog\\BackEnd\\vendor\\laravel\\framework\\src\\Illuminate\\Database\\Query\\Builder.php(2829): Illuminate\\Database\\Query\\Processors\\Processor->processInsertGetId()
#5 C:\\Users\\pc\\blog\\BackEnd\\vendor\\laravel\\framework\\src\\Illuminate\\Database\\Eloquent\\Builder.php(1411): Illuminate\\Database\\Query\\Builder->insertGetId()
#6 C:\\Users\\pc\\blog\\BackEnd\\vendor\\laravel\\framework\\src\\Illuminate\\Database\\Eloquent\\Model.php(902): Illuminate\\Database\\Eloquent\\Builder->__call()
#7 C:\\Users\\pc\\blog\\BackEnd\\vendor\\laravel\\framework\\src\\Illuminate\\Database\\Eloquent\\Model.php(867): Illuminate\\Database\\Eloquent\\Model->insertAndSetId()
#8 C:\\Users\\pc\\blog\\BackEnd\\vendor\\laravel\\framework\\src\\Illuminate\\Database\\Eloquent\\Model.php(730): Illuminate\\Database\\Eloquent\\Model->performInsert()
#9 C:\\Users\\pc\\blog\\BackEnd\\vendor\\laravel\\passport\\src\\ClientRepository.php(126): Illuminate\\Database\\Eloquent\\Model->save()
#10 C:\\Users\\pc\\blog\\BackEnd\\vendor\\laravel\\passport\\src\\ClientRepository.php(141): Laravel\\Passport\\ClientRepository->create()
#11 C:\\Users\\pc\\blog\\BackEnd\\vendor\\laravel\\passport\\src\\Console\\ClientCommand.php(67): Laravel\\Passport\\ClientRepository->createPersonalAccessClient()
#12 C:\\Users\\pc\\blog\\BackEnd\\vendor\\laravel\\passport\\src\\Console\\ClientCommand.php(43): Laravel\\Passport\\Console\\ClientCommand->createPersonalClient()
#13 [internal function]: Laravel\\Passport\\Console\\ClientCommand->handle()
#14 C:\\Users\\pc\\blog\\BackEnd\\vendor\\laravel\\framework\\src\\Illuminate\\Container\\BoundMethod.php(37): call_user_func_array()
#15 C:\\Users\\pc\\blog\\BackEnd\\vendor\\laravel\\framework\\src\\Illuminate\\Container\\Util.php(37): Illuminate\\Container\\BoundMethod::Illuminate\\Container\\{closure}()
#16 C:\\Users\\pc\\blog\\BackEnd\\vendor\\laravel\\framework\\src\\Illuminate\\Container\\BoundMethod.php(95): Illuminate\\Container\\Util::unwrapIfClosure()
#17 C:\\Users\\pc\\blog\\BackEnd\\vendor\\laravel\\framework\\src\\Illuminate\\Container\\BoundMethod.php(39): Illuminate\\Container\\BoundMethod::callBoundMethod()
#18 C:\\Users\\pc\\blog\\BackEnd\\vendor\\laravel\\framework\\src\\Illuminate\\Container\\Container.php(596): Illuminate\\Container\\BoundMethod::call()
#19 C:\\Users\\pc\\blog\\BackEnd\\vendor\\laravel\\framework\\src\\Illuminate\\Console\\Command.php(134): Illuminate\\Container\\Container->call()
#20 C:\\Users\\pc\\blog\\BackEnd\\vendor\\symfony\\console\\Command\\Command.php(288): Illuminate\\Console\\Command->execute()
#21 C:\\Users\\pc\\blog\\BackEnd\\vendor\\laravel\\framework\\src\\Illuminate\\Console\\Command.php(121): Symfony\\Component\\Console\\Command\\Command->run()
#22 C:\\Users\\pc\\blog\\BackEnd\\vendor\\laravel\\framework\\src\\Illuminate\\Console\\Concerns\\CallsCommands.php(56): Illuminate\\Console\\Command->run()
#23 C:\\Users\\pc\\blog\\BackEnd\\vendor\\laravel\\framework\\src\\Illuminate\\Console\\Concerns\\CallsCommands.php(28): Illuminate\\Console\\Command->runCommand()
#24 C:\\Users\\pc\\blog\\BackEnd\\vendor\\laravel\\passport\\src\\Console\\InstallCommand.php(42): Illuminate\\Console\\Command->call()
#25 [internal function]: Laravel\\Passport\\Console\\InstallCommand->handle()
#26 C:\\Users\\pc\\blog\\BackEnd\\vendor\\laravel\\framework\\src\\Illuminate\\Container\\BoundMethod.php(37): call_user_func_array()
#27 C:\\Users\\pc\\blog\\BackEnd\\vendor\\laravel\\framework\\src\\Illuminate\\Container\\Util.php(37): Illuminate\\Container\\BoundMethod::Illuminate\\Container\\{closure}()
#28 C:\\Users\\pc\\blog\\BackEnd\\vendor\\laravel\\framework\\src\\Illuminate\\Container\\BoundMethod.php(95): Illuminate\\Container\\Util::unwrapIfClosure()
#29 C:\\Users\\pc\\blog\\BackEnd\\vendor\\laravel\\framework\\src\\Illuminate\\Container\\BoundMethod.php(39): Illuminate\\Container\\BoundMethod::callBoundMethod()
#30 C:\\Users\\pc\\blog\\BackEnd\\vendor\\laravel\\framework\\src\\Illuminate\\Container\\Container.php(596): Illuminate\\Container\\BoundMethod::call()
#31 C:\\Users\\pc\\blog\\BackEnd\\vendor\\laravel\\framework\\src\\Illuminate\\Console\\Command.php(134): Illuminate\\Container\\Container->call()
#32 C:\\Users\\pc\\blog\\BackEnd\\vendor\\symfony\\console\\Command\\Command.php(288): Illuminate\\Console\\Command->execute()
#33 C:\\Users\\pc\\blog\\BackEnd\\vendor\\laravel\\framework\\src\\Illuminate\\Console\\Command.php(121): Symfony\\Component\\Console\\Command\\Command->run()
#34 C:\\Users\\pc\\blog\\BackEnd\\vendor\\symfony\\console\\Application.php(974): Illuminate\\Console\\Command->run()
#35 C:\\Users\\pc\\blog\\BackEnd\\vendor\\symfony\\console\\Application.php(291): Symfony\\Component\\Console\\Application->doRunCommand()
#36 C:\\Users\\pc\\blog\\BackEnd\\vendor\\symfony\\console\\Application.php(167): Symfony\\Component\\Console\\Application->doRun()
#37 C:\\Users\\pc\\blog\\BackEnd\\vendor\\laravel\\framework\\src\\Illuminate\\Console\\Application.php(93): Symfony\\Component\\Console\\Application->run()
#38 C:\\Users\\pc\\blog\\BackEnd\\vendor\\laravel\\framework\\src\\Illuminate\\Foundation\\Console\\Kernel.php(129): Illuminate\\Console\\Application->run()
#39 C:\\Users\\pc\\blog\\BackEnd\\artisan(37): Illuminate\\Foundation\\Console\\Kernel->handle()
#40 {main}

[previous exception] [object] (PDOException(code: 42S02): SQLSTATE[42S02]: Base table or view not found: 1146 Table 'blog.oauth_clients' doesn't exist at C:\\Users\\pc\\blog\\BackEnd\\vendor\\laravel\\framework\\src\\Illuminate\\Database\\Connection.php:458)
[stacktrace]
#0 C:\\Users\\pc\\blog\\BackEnd\\vendor\\laravel\\framework\\src\\Illuminate\\Database\\Connection.php(458): PDO->prepare()
#1 C:\\Users\\pc\\blog\\BackEnd\\vendor\\laravel\\framework\\src\\Illuminate\\Database\\Connection.php(664): Illuminate\\Database\\Connection->Illuminate\\Database\\{closure}()
#2 C:\\Users\\pc\\blog\\BackEnd\\vendor\\laravel\\framework\\src\\Illuminate\\Database\\Connection.php(631): Illuminate\\Database\\Connection->runQueryCallback()
#3 C:\\Users\\pc\\blog\\BackEnd\\vendor\\laravel\\framework\\src\\Illuminate\\Database\\Connection.php(465): Illuminate\\Database\\Connection->run()
#4 C:\\Users\\pc\\blog\\BackEnd\\vendor\\laravel\\framework\\src\\Illuminate\\Database\\Connection.php(417): Illuminate\\Database\\Connection->statement()
#5 C:\\Users\\pc\\blog\\BackEnd\\vendor\\laravel\\framework\\src\\Illuminate\\Database\\Query\\Processors\\Processor.php(32): Illuminate\\Database\\Connection->insert()
#6 C:\\Users\\pc\\blog\\BackEnd\\vendor\\laravel\\framework\\src\\Illuminate\\Database\\Query\\Builder.php(2829): Illuminate\\Database\\Query\\Processors\\Processor->processInsertGetId()
#7 C:\\Users\\pc\\blog\\BackEnd\\vendor\\laravel\\framework\\src\\Illuminate\\Database\\Eloquent\\Builder.php(1411): Illuminate\\Database\\Query\\Builder->insertGetId()
#8 C:\\Users\\pc\\blog\\BackEnd\\vendor\\laravel\\framework\\src\\Illuminate\\Database\\Eloquent\\Model.php(902): Illuminate\\Database\\Eloquent\\Builder->__call()
#9 C:\\Users\\pc\\blog\\BackEnd\\vendor\\laravel\\framework\\src\\Illuminate\\Database\\Eloquent\\Model.php(867): Illuminate\\Database\\Eloquent\\Model->insertAndSetId()
#10 C:\\Users\\pc\\blog\\BackEnd\\vendor\\laravel\\framework\\src\\Illuminate\\Database\\Eloquent\\Model.php(730): Illuminate\\Database\\Eloquent\\Model->performInsert()
#11 C:\\Users\\pc\\blog\\BackEnd\\vendor\\laravel\\passport\\src\\ClientRepository.php(126): Illuminate\\Database\\Eloquent\\Model->save()
#12 C:\\Users\\pc\\blog\\BackEnd\\vendor\\laravel\\passport\\src\\ClientRepository.php(141): Laravel\\Passport\\ClientRepository->create()
#13 C:\\Users\\pc\\blog\\BackEnd\\vendor\\laravel\\passport\\src\\Console\\ClientCommand.php(67): Laravel\\Passport\\ClientRepository->createPersonalAccessClient()
#14 C:\\Users\\pc\\blog\\BackEnd\\vendor\\laravel\\passport\\src\\Console\\ClientCommand.php(43): Laravel\\Passport\\Console\\ClientCommand->createPersonalClient()
#15 [internal function]: Laravel\\Passport\\Console\\ClientCommand->handle()
#16 C:\\Users\\pc\\blog\\BackEnd\\vendor\\laravel\\framework\\src\\Illuminate\\Container\\BoundMethod.php(37): call_user_func_array()
#17 C:\\Users\\pc\\blog\\BackEnd\\vendor\\laravel\\framework\\src\\Illuminate\\Container\\Util.php(37): Illuminate\\Container\\BoundMethod::Illuminate\\Container\\{closure}()
#18 C:\\Users\\pc\\blog\\BackEnd\\vendor\\laravel\\framework\\src\\Illuminate\\Container\\BoundMethod.php(95): Illuminate\\Container\\Util::unwrapIfClosure()
#19 C:\\Users\\pc\\blog\\BackEnd\\vendor\\laravel\\framework\\src\\Illuminate\\Container\\BoundMethod.php(39): Illuminate\\Container\\BoundMethod::callBoundMethod()
#20 C:\\Users\\pc\\blog\\BackEnd\\vendor\\laravel\\framework\\src\\Illuminate\\Container\\Container.php(596): Illuminate\\Container\\BoundMethod::call()
#21 C:\\Users\\pc\\blog\\BackEnd\\vendor\\laravel\\framework\\src\\Illuminate\\Console\\Command.php(134): Illuminate\\Container\\Container->call()
#22 C:\\Users\\pc\\blog\\BackEnd\\vendor\\symfony\\console\\Command\\Command.php(288): Illuminate\\Console\\Command->execute()
#23 C:\\Users\\pc\\blog\\BackEnd\\vendor\\laravel\\framework\\src\\Illuminate\\Console\\Command.php(121): Symfony\\Component\\Console\\Command\\Command->run()
#24 C:\\Users\\pc\\blog\\BackEnd\\vendor\\laravel\\framework\\src\\Illuminate\\Console\\Concerns\\CallsCommands.php(56): Illuminate\\Console\\Command->run()
#25 C:\\Users\\pc\\blog\\BackEnd\\vendor\\laravel\\framework\\src\\Illuminate\\Console\\Concerns\\CallsCommands.php(28): Illuminate\\Console\\Command->runCommand()
#26 C:\\Users\\pc\\blog\\BackEnd\\vendor\\laravel\\passport\\src\\Console\\InstallCommand.php(42): Illuminate\\Console\\Command->call()
#27 [internal function]: Laravel\\Passport\\Console\\InstallCommand->handle()
#28 C:\\Users\\pc\\blog\\BackEnd\\vendor\\laravel\\framework\\src\\Illuminate\\Container\\BoundMethod.php(37): call_user_func_array()
#29 C:\\Users\\pc\\blog\\BackEnd\\vendor\\laravel\\framework\\src\\Illuminate\\Container\\Util.php(37): Illuminate\\Container\\BoundMethod::Illuminate\\Container\\{closure}()
#30 C:\\Users\\pc\\blog\\BackEnd\\vendor\\laravel\\framework\\src\\Illuminate\\Container\\BoundMethod.php(95): Illuminate\\Container\\Util::unwrapIfClosure()
#31 C:\\Users\\pc\\blog\\BackEnd\\vendor\\laravel\\framework\\src\\Illuminate\\Container\\BoundMethod.php(39): Illuminate\\Container\\BoundMethod::callBoundMethod()
#32 C:\\Users\\pc\\blog\\BackEnd\\vendor\\laravel\\framework\\src\\Illuminate\\Container\\Container.php(596): Illuminate\\Container\\BoundMethod::call()
#33 C:\\Users\\pc\\blog\\BackEnd\\vendor\\laravel\\framework\\src\\Illuminate\\Console\\Command.php(134): Illuminate\\Container\\Container->call()
#34 C:\\Users\\pc\\blog\\BackEnd\\vendor\\symfony\\console\\Command\\Command.php(288): Illuminate\\Console\\Command->execute()
#35 C:\\Users\\pc\\blog\\BackEnd\\vendor\\laravel\\framework\\src\\Illuminate\\Console\\Command.php(121): Symfony\\Component\\Console\\Command\\Command->run()
#36 C:\\Users\\pc\\blog\\BackEnd\\vendor\\symfony\\console\\Application.php(974): Illuminate\\Console\\Command->run()
#37 C:\\Users\\pc\\blog\\BackEnd\\vendor\\symfony\\console\\Application.php(291): Symfony\\Component\\Console\\Application->doRunCommand()
#38 C:\\Users\\pc\\blog\\BackEnd\\vendor\\symfony\\console\\Application.php(167): Symfony\\Component\\Console\\Application->doRun()
#39 C:\\Users\\pc\\blog\\BackEnd\\vendor\\laravel\\framework\\src\\Illuminate\\Console\\Application.php(93): Symfony\\Component\\Console\\Application->run()
#40 C:\\Users\\pc\\blog\\BackEnd\\vendor\\laravel\\framework\\src\\Illuminate\\Foundation\\Console\\Kernel.php(129): Illuminate\\Console\\Application->run()
#41 C:\\Users\\pc\\blog\\BackEnd\\artisan(37): Illuminate\\Foundation\\Console\\Kernel->handle()
#42 {main}
"} 
[2021-06-12 03:33:38] local.ERROR: Class 'App\Providers\Passport' not found {"exception":"[object] (Error(code: 0): Class 'App\\Providers\\Passport' not found at C:\\Users\\pc\\blog\\BackEnd\\app\\Providers\\AppServiceProvider.php:27)
[stacktrace]
#0 [internal function]: App\\Providers\\AppServiceProvider->boot()
#1 C:\\Users\\pc\\blog\\BackEnd\\vendor\\laravel\\framework\\src\\Illuminate\\Container\\BoundMethod.php(37): call_user_func_array()
#2 C:\\Users\\pc\\blog\\BackEnd\\vendor\\laravel\\framework\\src\\Illuminate\\Container\\Util.php(37): Illuminate\\Container\\BoundMethod::Illuminate\\Container\\{closure}()
#3 C:\\Users\\pc\\blog\\BackEnd\\vendor\\laravel\\framework\\src\\Illuminate\\Container\\BoundMethod.php(95): Illuminate\\Container\\Util::unwrapIfClosure()
#4 C:\\Users\\pc\\blog\\BackEnd\\vendor\\laravel\\framework\\src\\Illuminate\\Container\\BoundMethod.php(39): Illuminate\\Container\\BoundMethod::callBoundMethod()
#5 C:\\Users\\pc\\blog\\BackEnd\\vendor\\laravel\\framework\\src\\Illuminate\\Container\\Container.php(596): Illuminate\\Container\\BoundMethod::call()
#6 C:\\Users\\pc\\blog\\BackEnd\\vendor\\laravel\\framework\\src\\Illuminate\\Foundation\\Application.php(867): Illuminate\\Container\\Container->call()
#7 C:\\Users\\pc\\blog\\BackEnd\\vendor\\laravel\\framework\\src\\Illuminate\\Foundation\\Application.php(850): Illuminate\\Foundation\\Application->bootProvider()
#8 [internal function]: Illuminate\\Foundation\\Application->Illuminate\\Foundation\\{closure}()
#9 C:\\Users\\pc\\blog\\BackEnd\\vendor\\laravel\\framework\\src\\Illuminate\\Foundation\\Application.php(851): array_walk()
#10 C:\\Users\\pc\\blog\\BackEnd\\vendor\\laravel\\framework\\src\\Illuminate\\Foundation\\Bootstrap\\BootProviders.php(17): Illuminate\\Foundation\\Application->boot()
#11 C:\\Users\\pc\\blog\\BackEnd\\vendor\\laravel\\framework\\src\\Illuminate\\Foundation\\Application.php(230): Illuminate\\Foundation\\Bootstrap\\BootProviders->bootstrap()
#12 C:\\Users\\pc\\blog\\BackEnd\\vendor\\laravel\\framework\\src\\Illuminate\\Foundation\\Console\\Kernel.php(310): Illuminate\\Foundation\\Application->bootstrapWith()
#13 C:\\Users\\pc\\blog\\BackEnd\\vendor\\laravel\\framework\\src\\Illuminate\\Foundation\\Console\\Kernel.php(127): Illuminate\\Foundation\\Console\\Kernel->bootstrap()
#14 C:\\Users\\pc\\blog\\BackEnd\\artisan(37): Illuminate\\Foundation\\Console\\Kernel->handle()
#15 {main}
"} 
